
[Fri Dec  6 20:46:16 2013] [debug] GET "/".
[Fri Dec  6 20:46:16 2013] [debug] Routing to controller "CareerMatch::Controller::Main" and action "main".
[Fri Dec  6 20:46:16 2013] [debug] Rendering template "controller/main/main.html.ep".
[Fri Dec  6 20:46:16 2013] [debug] 200 OK (0.389023s, 2.571/s).
[Fri Dec  6 20:46:34 2013] [debug] GET "/".
[Fri Dec  6 20:46:34 2013] [debug] Routing to controller "CareerMatch::Controller::Main" and action "main".
[Fri Dec  6 20:46:34 2013] [debug] Rendering cached template "controller/main/main.html.ep".
[Fri Dec  6 20:46:34 2013] [debug] 200 OK (0.005360s, 186.567/s).
[Fri Dec  6 20:47:08 2013] [debug] GET "/".
[Fri Dec  6 20:47:08 2013] [debug] Routing to controller "CareerMatch::Controller::Main" and action "main".
[Fri Dec  6 20:47:08 2013] [debug] Rendering template "controller/main/main.html.ep".
[Fri Dec  6 20:47:08 2013] [debug] 200 OK (0.389834s, 2.565/s).
[Fri Dec  6 20:47:43 2013] [debug] GET "/".
[Fri Dec  6 20:47:43 2013] [debug] Routing to controller "CareerMatch::Controller::Main" and action "main".
[Fri Dec  6 20:47:44 2013] [debug] Rendering template "controller/main/main.html.ep".
[Fri Dec  6 20:47:44 2013] [debug] 200 OK (0.389069s, 2.570/s).
[Fri Dec  6 20:49:38 2013] [debug] GET "/".
[Fri Dec  6 20:49:38 2013] [debug] Routing to controller "CareerMatch::Controller::Main" and action "main".
[Fri Dec  6 20:49:38 2013] [debug] Rendering template "controller/main/main.html.ep".
[Fri Dec  6 20:49:38 2013] [debug] 200 OK (0.390824s, 2.559/s).
[Fri Dec  6 20:53:23 2013] [debug] GET "/".
[Fri Dec  6 20:53:23 2013] [debug] Routing to controller "CareerMatch::Controller::Main" and action "main".
[Fri Dec  6 20:53:23 2013] [debug] Rendering template "controller/main/main.html.ep".
[Fri Dec  6 20:53:23 2013] [error] Global symbol "$stash" requires explicit package name at template controller/main/main.html.ep line 28.
23:     <div class="container">
24: 
25:       <div class="starter-template">
26:         <h1>
27: % use Data::Dumper;
28: % foreach my $d (@{$stash->{data}->{vendors}}) {
29:  <%= $d %><br/>
30: % }
31:         </h1>
32:         <p class="lead">Use this document as a way to quickly start any new project.<br> All you get is this text and a mostly barebones HTML document.</p>
33:       </div>

[Fri Dec  6 20:53:23 2013] [debug] Template "exception.development.html.ep" not found.
[Fri Dec  6 20:53:23 2013] [debug] Template "exception.html.ep" not found.
[Fri Dec  6 20:53:23 2013] [debug] Rendering inline template.
[Fri Dec  6 20:53:23 2013] [debug] Rendering inline template.
[Fri Dec  6 20:53:23 2013] [debug] 500 Internal Server Error (0.488567s, 2.047/s).
[Fri Dec  6 20:54:07 2013] [debug] GET "/".
[Fri Dec  6 20:54:07 2013] [debug] Routing to controller "CareerMatch::Controller::Main" and action "main".
[Fri Dec  6 20:54:08 2013] [debug] Rendering template "controller/main/main.html.ep".
[Fri Dec  6 20:54:08 2013] [debug] Template "head.html.ep" not found.
[Fri Dec  6 20:54:08 2013] [debug] Template "foot.html.ep" not found.
[Fri Dec  6 20:54:08 2013] [debug] 200 OK (0.389031s, 2.570/s).
[Fri Dec  6 21:01:35 2013] [debug] GET "/".
[Fri Dec  6 21:01:35 2013] [debug] Routing to controller "CareerMatch::Controller::Main" and action "main".
[Fri Dec  6 21:01:36 2013] [debug] Rendering template "controller/main/main.html.ep".
[Fri Dec  6 21:01:36 2013] [debug] Template "head.html.ep" not found.
[Fri Dec  6 21:01:36 2013] [debug] Template "foot.html.ep" not found.
[Fri Dec  6 21:01:36 2013] [debug] 200 OK (0.389124s, 2.570/s).
[Fri Dec  6 21:02:42 2013] [debug] GET "/".
[Fri Dec  6 21:02:42 2013] [debug] Routing to controller "CareerMatch::Controller::Main" and action "main".
[Fri Dec  6 21:02:42 2013] [debug] Rendering template "controller/main/main.html.ep".
[Fri Dec  6 21:02:42 2013] [debug] Template "head.html.ep" not found.
[Fri Dec  6 21:02:42 2013] [debug] Template "foot.html.ep" not found.
[Fri Dec  6 21:02:42 2013] [debug] 200 OK (0.390001s, 2.564/s).
[Fri Dec  6 21:02:43 2013] [debug] GET "/".
[Fri Dec  6 21:02:43 2013] [debug] Routing to controller "CareerMatch::Controller::Main" and action "main".
[Fri Dec  6 21:02:44 2013] [debug] Rendering cached template "controller/main/main.html.ep".
[Fri Dec  6 21:02:44 2013] [debug] Template "head.html.ep" not found.
[Fri Dec  6 21:02:44 2013] [debug] Template "foot.html.ep" not found.
[Fri Dec  6 21:02:44 2013] [debug] 200 OK (0.007882s, 126.871/s).
[Fri Dec  6 21:04:21 2013] [debug] GET "/".
[Fri Dec  6 21:04:21 2013] [debug] Routing to controller "CareerMatch::Controller::Main" and action "main".
[Fri Dec  6 21:04:22 2013] [debug] Rendering template "controller/main/main.html.ep".
[Fri Dec  6 21:04:22 2013] [debug] Template "foot.html.ep" not found.
[Fri Dec  6 21:04:22 2013] [debug] 200 OK (0.392960s, 2.545/s).
[Fri Dec  6 21:04:36 2013] [debug] GET "/".
[Fri Dec  6 21:04:36 2013] [debug] Routing to controller "CareerMatch::Controller::Main" and action "main".
[Fri Dec  6 21:04:36 2013] [debug] Rendering cached template "controller/main/main.html.ep".
[Fri Dec  6 21:04:36 2013] [debug] Template "foot.html.ep" not found.
[Fri Dec  6 21:04:36 2013] [debug] 200 OK (0.008700s, 114.943/s).
[Fri Dec  6 21:06:33 2013] [debug] GET "/".
[Fri Dec  6 21:06:33 2013] [debug] Routing to controller "CareerMatch::Controller::Main" and action "main".
[Fri Dec  6 21:06:34 2013] [debug] Rendering template "controller/main/main.html.ep".
[Fri Dec  6 21:06:34 2013] [debug] Template "header.html.ep" not found.
[Fri Dec  6 21:06:34 2013] [debug] Template "footer.html.ep" not found.
[Fri Dec  6 21:06:34 2013] [debug] 200 OK (0.389047s, 2.570/s).
[Fri Dec  6 21:06:36 2013] [debug] GET "/".
[Fri Dec  6 21:06:36 2013] [debug] Routing to controller "CareerMatch::Controller::Main" and action "main".
[Fri Dec  6 21:06:36 2013] [debug] Rendering cached template "controller/main/main.html.ep".
[Fri Dec  6 21:06:36 2013] [debug] Template "header.html.ep" not found.
[Fri Dec  6 21:06:36 2013] [debug] Template "footer.html.ep" not found.
[Fri Dec  6 21:06:36 2013] [debug] 200 OK (0.007828s, 127.747/s).
[Fri Dec  6 21:07:30 2013] [debug] GET "/".
[Fri Dec  6 21:07:30 2013] [debug] Routing to controller "CareerMatch::Controller::Main" and action "main".
[Fri Dec  6 21:07:31 2013] [debug] Rendering template "controller/main/main.html.ep".
[Fri Dec  6 21:07:31 2013] [debug] 200 OK (0.389945s, 2.564/s).
[Fri Dec  6 21:07:51 2013] [debug] GET "/vendor/".
[Fri Dec  6 21:07:51 2013] [debug] Routing to controller "CareerMatch::Auth" and action "check".
[Fri Dec  6 21:07:51 2013] [debug] 302 Found (0.004073s, 245.519/s).
